<?xml version="1.0" encoding="UTF-8"?>
<robot generator="Robot 3.2.2 (Python 3.9.2 on win32)" generated="20210317 17:44:05.049" rpa="false">
<suite id="s1" name="Enjoeat" source="C:\TreinoRobot\RobotFrameWork\robot\robot\web\tests\enjoeat.robot">
<test id="s1-t1" name="Complete a request Burger House">
<kw name="Nova Sessao" library="base" type="setup">
<kw name="Open Browser" library="SeleniumLibrary">
<doc>Opens a new browser instance to the optional ``url``.</doc>
<arguments>
<arg>${url}</arg>
<arg>chrome</arg>
</arguments>
<msg timestamp="20210317 17:44:05.437" level="INFO">Opening browser 'chrome' to base url 'https://training-wheels-protocol.herokuapp.com/'.</msg>
<status status="PASS" starttime="20210317 17:44:05.437" endtime="20210317 17:44:34.517"></status>
</kw>
<status status="PASS" starttime="20210317 17:44:05.436" endtime="20210317 17:44:34.517"></status>
</kw>
<kw name="Go To Restaurant Page">
<arguments>
<arg>Burger House</arg>
</arguments>
<kw name="Go To" library="SeleniumLibrary">
<doc>Navigates the current browser window to the provided ``url``.</doc>
<arguments>
<arg>${urlEnjoeat}</arg>
</arguments>
<msg timestamp="20210317 17:44:34.518" level="INFO">Opening url 'https://enjoeat.herokuapp.com/restaurants'</msg>
<status status="PASS" starttime="20210317 17:44:34.518" endtime="20210317 17:44:38.742"></status>
</kw>
<kw name="Wait Until Page Contains Element" library="SeleniumLibrary">
<doc>Waits until the element ``locator`` appears on the current page.</doc>
<arguments>
<arg>xpath=//span[normalize-space()='${selectRestaurant}']</arg>
</arguments>
<status status="PASS" starttime="20210317 17:44:38.742" endtime="20210317 17:44:38.961"></status>
</kw>
<kw name="Click Element" library="SeleniumLibrary">
<doc>Click the element identified by ``locator``.</doc>
<arguments>
<arg>xpath=//span[normalize-space()='${selectRestaurant}']</arg>
</arguments>
<msg timestamp="20210317 17:44:38.961" level="INFO">Clicking element 'xpath=//span[normalize-space()='Burger House']'.</msg>
<status status="PASS" starttime="20210317 17:44:38.961" endtime="20210317 17:44:39.019"></status>
</kw>
<status status="PASS" starttime="20210317 17:44:34.517" endtime="20210317 17:44:39.019"></status>
</kw>
<kw name="Add requests">
<arguments>
<arg>xpath=//mt-menu-item[1]//div[1]//div[1]//a[1]</arg>
</arguments>
<kw name="Wait Until Page Contains Element" library="SeleniumLibrary">
<doc>Waits until the element ``locator`` appears on the current page.</doc>
<arguments>
<arg>${addToCartElement}</arg>
<arg>timeout=10</arg>
</arguments>
<status status="PASS" starttime="20210317 17:44:39.019" endtime="20210317 17:44:39.241"></status>
</kw>
<kw name="Click Element" library="SeleniumLibrary">
<doc>Click the element identified by ``locator``.</doc>
<arguments>
<arg>${addToCartElement}</arg>
</arguments>
<msg timestamp="20210317 17:44:39.241" level="INFO">Clicking element 'xpath=//mt-menu-item[1]//div[1]//div[1]//a[1]'.</msg>
<status status="PASS" starttime="20210317 17:44:39.241" endtime="20210317 17:44:39.286"></status>
</kw>
<status status="PASS" starttime="20210317 17:44:39.019" endtime="20210317 17:44:39.286"></status>
</kw>
<kw name="Click Element" library="SeleniumLibrary">
<doc>Click the element identified by ``locator``.</doc>
<arguments>
<arg>xpath=//a[normalize-space()='Fechar Pedido']</arg>
</arguments>
<msg timestamp="20210317 17:44:39.286" level="INFO">Clicking element 'xpath=//a[normalize-space()='Fechar Pedido']'.</msg>
<status status="PASS" starttime="20210317 17:44:39.286" endtime="20210317 17:44:39.358"></status>
</kw>
<kw name="Preencher Dados de Pagamento">
<arguments>
<arg>Jao Sem Cao</arg>
<arg>caodahora@everis.com</arg>
<arg>Rua do Boreu</arg>
<arg>171</arg>
<arg>caverna</arg>
<arg>Dinheiro</arg>
</arguments>
<kw name="Input Text" library="SeleniumLibrary">
<doc>Types the given ``text`` into the text field identified by ``locator``.</doc>
<arguments>
<arg>xpath=//input[@placeholder='Nome']</arg>
<arg>${nome}</arg>
</arguments>
<msg timestamp="20210317 17:44:39.359" level="INFO">Typing text 'Jao Sem Cao' into text field 'xpath=//input[@placeholder='Nome']'.</msg>
<status status="PASS" starttime="20210317 17:44:39.359" endtime="20210317 17:44:39.498"></status>
</kw>
<kw name="Input Text" library="SeleniumLibrary">
<doc>Types the given ``text`` into the text field identified by ``locator``.</doc>
<arguments>
<arg>xpath=//input[@placeholder='E-mail']</arg>
<arg>${email}</arg>
</arguments>
<msg timestamp="20210317 17:44:39.498" level="INFO">Typing text 'caodahora@everis.com' into text field 'xpath=//input[@placeholder='E-mail']'.</msg>
<status status="PASS" starttime="20210317 17:44:39.498" endtime="20210317 17:44:39.609"></status>
</kw>
<kw name="Input Text" library="SeleniumLibrary">
<doc>Types the given ``text`` into the text field identified by ``locator``.</doc>
<arguments>
<arg>xpath=//input[@placeholder='Confirmação do e-mail']</arg>
<arg>${email}</arg>
</arguments>
<msg timestamp="20210317 17:44:39.610" level="INFO">Typing text 'caodahora@everis.com' into text field 'xpath=//input[@placeholder='Confirmação do e-mail']'.</msg>
<status status="PASS" starttime="20210317 17:44:39.610" endtime="20210317 17:44:39.716"></status>
</kw>
<kw name="Input Text" library="SeleniumLibrary">
<doc>Types the given ``text`` into the text field identified by ``locator``.</doc>
<arguments>
<arg>xpath=//input[@placeholder='Endereço']</arg>
<arg>${endereco}</arg>
</arguments>
<msg timestamp="20210317 17:44:39.716" level="INFO">Typing text 'Rua do Boreu' into text field 'xpath=//input[@placeholder='Endereço']'.</msg>
<status status="PASS" starttime="20210317 17:44:39.716" endtime="20210317 17:44:39.797"></status>
</kw>
<kw name="Input Text" library="SeleniumLibrary">
<doc>Types the given ``text`` into the text field identified by ``locator``.</doc>
<arguments>
<arg>xpath=//input[@placeholder='Número']</arg>
<arg>${numero}</arg>
</arguments>
<msg timestamp="20210317 17:44:39.797" level="INFO">Typing text '171' into text field 'xpath=//input[@placeholder='Número']'.</msg>
<status status="PASS" starttime="20210317 17:44:39.797" endtime="20210317 17:44:39.869"></status>
</kw>
<kw name="Input Text" library="SeleniumLibrary">
<doc>Types the given ``text`` into the text field identified by ``locator``.</doc>
<arguments>
<arg>xpath=//input[@placeholder='Complemento']</arg>
<arg>${complemento}</arg>
</arguments>
<msg timestamp="20210317 17:44:39.869" level="INFO">Typing text 'caverna' into text field 'xpath=//input[@placeholder='Complemento']'.</msg>
<status status="PASS" starttime="20210317 17:44:39.869" endtime="20210317 17:44:39.962"></status>
</kw>
<kw name="Click Element" library="SeleniumLibrary">
<doc>Click the element identified by ``locator``.</doc>
<arguments>
<arg>xpath=//label[normalize-space()='${formaPagamento}']//ins</arg>
</arguments>
<msg timestamp="20210317 17:44:39.962" level="INFO">Clicking element 'xpath=//label[normalize-space()='Dinheiro']//ins'.</msg>
<status status="PASS" starttime="20210317 17:44:39.962" endtime="20210317 17:44:40.001"></status>
</kw>
<kw name="Click Element" library="SeleniumLibrary">
<doc>Click the element identified by ``locator``.</doc>
<arguments>
<arg>xpath=//button[normalize-space()='Concluir Pedido']</arg>
</arguments>
<msg timestamp="20210317 17:44:40.001" level="INFO">Clicking element 'xpath=//button[normalize-space()='Concluir Pedido']'.</msg>
<status status="PASS" starttime="20210317 17:44:40.001" endtime="20210317 17:44:40.046"></status>
</kw>
<kw name="Wait Until Page Contains Element" library="SeleniumLibrary">
<doc>Waits until the element ``locator`` appears on the current page.</doc>
<arguments>
<arg>css=div[class='jumbotron']</arg>
</arguments>
<status status="PASS" starttime="20210317 17:44:40.046" endtime="20210317 17:44:40.485"></status>
</kw>
<kw name="Page Should Contain Element" library="SeleniumLibrary">
<doc>Verifies that element ``locator`` is found on the current page.</doc>
<arguments>
<arg>css=div[class='jumbotron']</arg>
</arguments>
<msg timestamp="20210317 17:44:40.493" level="INFO">Current page contains element 'css=div[class='jumbotron']'.</msg>
<status status="PASS" starttime="20210317 17:44:40.485" endtime="20210317 17:44:40.493"></status>
</kw>
<status status="PASS" starttime="20210317 17:44:39.358" endtime="20210317 17:44:40.493"></status>
</kw>
<kw name="Encerra Sessao" library="base" type="teardown">
<kw name="Capture Page Screenshot" library="SeleniumLibrary">
<doc>Takes a screenshot of the current page and embeds it into a log file.</doc>
<msg timestamp="20210317 17:44:41.094" level="INFO" html="yes">&lt;/td&gt;&lt;/tr&gt;&lt;tr&gt;&lt;td colspan="3"&gt;&lt;a href="selenium-screenshot-54.png"&gt;&lt;img src="selenium-screenshot-54.png" width="800px"&gt;&lt;/a&gt;</msg>
<status status="PASS" starttime="20210317 17:44:40.494" endtime="20210317 17:44:41.094"></status>
</kw>
<kw name="Close Browser" library="SeleniumLibrary">
<doc>Closes the current browser.</doc>
<status status="PASS" starttime="20210317 17:44:41.094" endtime="20210317 17:44:43.735"></status>
</kw>
<status status="PASS" starttime="20210317 17:44:40.494" endtime="20210317 17:44:43.735"></status>
</kw>
<status status="PASS" starttime="20210317 17:44:05.435" endtime="20210317 17:44:43.736" critical="yes"></status>
</test>
<status status="PASS" starttime="20210317 17:44:05.052" endtime="20210317 17:44:43.739"></status>
</suite>
<statistics>
<total>
<stat pass="1" fail="0">Critical Tests</stat>
<stat pass="1" fail="0">All Tests</stat>
</total>
<tag>
</tag>
<suite>
<stat pass="1" fail="0" id="s1" name="Enjoeat">Enjoeat</stat>
</suite>
</statistics>
<errors>
</errors>
</robot>
