<?xml version="1.0" encoding="UTF-8"?>
<robot generator="Robot 3.2.2 (Python 3.9.2 on win32)" generated="20210309 15:50:56.926" rpa="false">
<suite id="s1" name="Test" source="c:\qaninja\robot\test.robot">
<test id="s1-t1" name="Deve retornar mensagem de boas vindas">
<kw name="Welcome" library="app">
<arguments>
<arg>Luis</arg>
</arguments>
<assign>
<var>${result}</var>
</assign>
<msg timestamp="20210309 15:50:56.969" level="INFO">${result} = Olá Luis, bem vindo ao curso basico de RobotFramework!</msg>
<status status="PASS" starttime="20210309 15:50:56.968" endtime="20210309 15:50:56.969"></status>
</kw>
<kw name="Should Be Equal" library="BuiltIn">
<doc>Fails if the given objects are unequal.</doc>
<arguments>
<arg>${result}</arg>
<arg>Olá Luis, bem vindo ao curso basico de RobotFramework!</arg>
</arguments>
<status status="PASS" starttime="20210309 15:50:56.969" endtime="20210309 15:50:56.969"></status>
</kw>
<status status="PASS" starttime="20210309 15:50:56.968" endtime="20210309 15:50:56.970" critical="yes"></status>
</test>
<status status="PASS" starttime="20210309 15:50:56.928" endtime="20210309 15:50:56.971"></status>
</suite>
<statistics>
<total>
<stat pass="1" fail="0">Critical Tests</stat>
<stat pass="1" fail="0">All Tests</stat>
</total>
<tag>
</tag>
<suite>
<stat pass="1" fail="0" id="s1" name="Test">Test</stat>
</suite>
</statistics>
<errors>
</errors>
</robot>
